# JRE version: OpenJDK Runtime Environment Microsoft-8297089 (17.0.8.1+1) (build 17.0.8.1+1-LTS)
# Java VM: OpenJDK 64-Bit Server VM Microsoft-8297089 (17.0.8.1+1-LTS, mixed mode, sharing, tiered, compressed oops, compressed class ptrs, g1 gc, windows-amd64)
GC Precious Log:
 CPUs: 8 total, 8 available
 Memory: 7979M
 Large Page Support: Disabled
 NUMA Support: Disabled
 Compressed Oops: Enabled (32-bit)
 Heap Region Size: 1M
 Heap Min Capacity: 8M
 Heap Initial Capacity: 8M
 Heap Max Capacity: 1996M
 Pre-touch: Disabled
 Parallel Workers: 8
 Concurrent Workers: 2
 Concurrent Refinement Workers: 8
 Periodic GC: Disabled
Heap:
 garbage-first heap   total 124928K, used 74746K [0x0000000083400000, 0x0000000100000000)
  region size 1024K, 3 young (3072K), 3 survivors (3072K)
 Metaspace       used 9481K, committed 9664K, reserved 1114112K
  class space    used 988K, committed 1088K, reserved 1048576K
GC Heap History (20 events):
Event: 2.191 GC heap after
{Heap after GC invocations=21 (full 0):
 garbage-first heap   total 32768K, used 18288K [0x0000000083400000, 0x0000000100000000)
  region size 1024K, 1 young (1024K), 1 survivors (1024K)
 Metaspace       used 7758K, committed 7936K, reserved 1114112K
  class space    used 862K, committed 960K, reserved 1048576K
}
Event: 2.243 GC heap before
{Heap before GC invocations=21 (full 0):
 garbage-first heap   total 32768K, used 19312K [0x0000000083400000, 0x0000000100000000)
  region size 1024K, 3 young (3072K), 1 survivors (1024K)
 Metaspace       used 7758K, committed 7936K, reserved 1114112K
  class space    used 862K, committed 960K, reserved 1048576K
}
Event: 2.245 GC heap after
{Heap after GC invocations=22 (full 0):
 garbage-first heap   total 45056K, used 18453K [0x0000000083400000, 0x0000000100000000)
  region size 1024K, 1 young (1024K), 1 survivors (1024K)
 Metaspace       used 7758K, committed 7936K, reserved 1114112K
  class space    used 862K, committed 960K, reserved 1048576K
}
Event: 2.248 GC heap before
{Heap before GC invocations=22 (full 0):
 garbage-first heap   total 45056K, used 23573K [0x0000000083400000, 0x0000000100000000)
  region size 1024K, 2 young (2048K), 1 survivors (1024K)
 Metaspace       used 7758K, committed 7936K, reserved 1114112K
  class space    used 862K, committed 960K, reserved 1048576K
}
Event: 2.250 GC heap after
{Heap after GC invocations=23 (full 0):
 garbage-first heap   total 45056K, used 23523K [0x0000000083400000, 0x0000000100000000)
  region size 1024K, 1 young (1024K), 1 survivors (1024K)
 Metaspace       used 7758K, committed 7936K, reserved 1114112K
  class space    used 862K, committed 960K, reserved 1048576K
}
Event: 2.284 GC heap before
{Heap before GC invocations=24 (full 0):
 garbage-first heap   total 58368K, used 33763K [0x0000000083400000, 0x0000000100000000)
  region size 1024K, 2 young (2048K), 1 survivors (1024K)
 Metaspace       used 7760K, committed 7936K, reserved 1114112K
  class space    used 862K, committed 960K, reserved 1048576K
}
Event: 2.287 GC heap after
{Heap after GC invocations=25 (full 0):
 garbage-first heap   total 58368K, used 18594K [0x0000000083400000, 0x0000000100000000)
  region size 1024K, 1 young (1024K), 1 survivors (1024K)
 Metaspace       used 7760K, committed 7936K, reserved 1114112K
  class space    used 862K, committed 960K, reserved 1048576K
}
Event: 2.395 GC heap before
{Heap before GC invocations=25 (full 0):
 garbage-first heap   total 58368K, used 44194K [0x0000000083400000, 0x0000000100000000)
  region size 1024K, 21 young (21504K), 1 survivors (1024K)
 Metaspace       used 7760K, committed 7936K, reserved 1114112K
  class space    used 862K, committed 960K, reserved 1048576K
}
Event: 2.402 GC heap after
{Heap after GC invocations=26 (full 0):
 garbage-first heap   total 58368K, used 24227K [0x0000000083400000, 0x0000000100000000)
  region size 1024K, 3 young (3072K), 3 survivors (3072K)
 Metaspace       used 7760K, committed 7936K, reserved 1114112K
  class space    used 862K, committed 960K, reserved 1048576K
}
Event: 2.736 GC heap before
{Heap before GC invocations=26 (full 0):
 garbage-first heap   total 58368K, used 43683K [0x0000000083400000, 0x0000000100000000)
  region size 1024K, 20 young (20480K), 3 survivors (3072K)
 Metaspace       used 7885K, committed 8064K, reserved 1114112K
  class space    used 862K, committed 960K, reserved 1048576K
}
Event: 2.748 GC heap after
{Heap after GC invocations=27 (full 0):
 garbage-first heap   total 102400K, used 26985K [0x0000000083400000, 0x0000000100000000)
  region size 1024K, 3 young (3072K), 3 survivors (3072K)
 Metaspace       used 7885K, committed 8064K, reserved 1114112K
  class space    used 862K, committed 960K, reserved 1048576K
}
Event: 3.740 GC heap before
{Heap before GC invocations=27 (full 0):
 garbage-first heap   total 102400K, used 69993K [0x0000000083400000, 0x0000000100000000)
  region size 1024K, 42 young (43008K), 3 survivors (3072K)
 Metaspace       used 8849K, committed 8960K, reserved 1114112K
  class space    used 959K, committed 1024K, reserved 1048576K
}
Event: 3.762 GC heap after
{Heap after GC invocations=28 (full 0):
 garbage-first heap   total 102400K, used 40476K [0x0000000083400000, 0x0000000100000000)
  region size 1024K, 6 young (6144K), 6 survivors (6144K)
 Metaspace       used 8849K, committed 8960K, reserved 1114112K
  class space    used 959K, committed 1024K, reserved 1048576K
}
Event: 4.027 GC heap before
{Heap before GC invocations=28 (full 0):
 garbage-first heap   total 102400K, used 69148K [0x0000000083400000, 0x0000000100000000)
  region size 1024K, 34 young (34816K), 6 survivors (6144K)
 Metaspace       used 9230K, committed 9408K, reserved 1114112K
  class space    used 985K, committed 1088K, reserved 1048576K
}
Event: 4.074 GC heap after
{Heap after GC invocations=29 (full 0):
 garbage-first heap   total 102400K, used 59904K [0x0000000083400000, 0x0000000100000000)
  region size 1024K, 5 young (5120K), 5 survivors (5120K)
 Metaspace       used 9230K, committed 9408K, reserved 1114112K
  class space    used 985K, committed 1088K, reserved 1048576K
}
Event: 4.108 GC heap before
{Heap before GC invocations=29 (full 0):
 garbage-first heap   total 102400K, used 68096K [0x0000000083400000, 0x0000000100000000)
  region size 1024K, 14 young (14336K), 5 survivors (5120K)
 Metaspace       used 9241K, committed 9472K, reserved 1114112K
  class space    used 985K, committed 1088K, reserved 1048576K
}
Event: 4.130 GC heap after
{Heap after GC invocations=30 (full 0):
 garbage-first heap   total 102400K, used 67072K [0x0000000083400000, 0x0000000100000000)
  region size 1024K, 3 young (3072K), 3 survivors (3072K)
 Metaspace       used 9241K, committed 9472K, reserved 1114112K
  class space    used 985K, committed 1088K, reserved 1048576K
}
Event: 4.296 GC heap before
{Heap before GC invocations=31 (full 0):
 garbage-first heap   total 124928K, used 78336K [0x0000000083400000, 0x0000000100000000)
  region size 1024K, 12 young (12288K), 3 survivors (3072K)
 Metaspace       used 9387K, committed 9600K, reserved 1114112K
  class space    used 988K, committed 1088K, reserved 1048576K
}
Event: 4.314 GC heap after
{Heap after GC invocations=32 (full 0):
 garbage-first heap   total 124928K, used 70656K [0x0000000083400000, 0x0000000100000000)
  region size 1024K, 2 young (2048K), 2 survivors (2048K)
 Metaspace       used 9387K, committed 9600K, reserved 1114112K
  class space    used 988K, committed 1088K, reserved 1048576K
}
Event: 4.545 GC heap before
{Heap before GC invocations=32 (full 0):
 garbage-first heap   total 124928K, used 88064K [0x0000000083400000, 0x0000000100000000)
  region size 1024K, 19 young (19456K), 2 survivors (2048K)
 Metaspace       used 9481K, committed 9664K, reserved 1114112K
  class space    used 988K, committed 1088K, reserved 1048576K
}

