# JRE version: OpenJDK Runtime Environment Microsoft-8297089 (17.0.8.1+1) (build 17.0.8.1+1-LTS)
# Java VM: OpenJDK 64-Bit Server VM Microsoft-8297089 (17.0.8.1+1-LTS, mixed mode, sharing, tiered, compressed oops, compressed class ptrs, g1 gc, windows-amd64)
GC Precious Log:
 CPUs: 8 total, 8 available
 Memory: 7979M
 Large Page Support: Disabled
 NUMA Support: Disabled
 Compressed Oops: Enabled (32-bit)
 Heap Region Size: 1M
 Heap Min Capacity: 8M
 Heap Initial Capacity: 8M
 Heap Max Capacity: 1996M
 Pre-touch: Disabled
 Parallel Workers: 8
 Concurrent Workers: 2
 Concurrent Refinement Workers: 8
 Periodic GC: Disabled
Heap:
 garbage-first heap   total 270336K, used 196637K [0x0000000083400000, 0x0000000100000000)
  region size 1024K, 117 young (119808K), 13 survivors (13312K)
 Metaspace       used 11971K, committed 12160K, reserved 1114112K
  class space    used 1134K, committed 1216K, reserved 1048576K
GC Heap History (20 events):
Event: 5.502 GC heap before
{Heap before GC invocations=27 (full 0):
 garbage-first heap   total 59392K, used 33322K [0x0000000083400000, 0x0000000100000000)
  region size 1024K, 3 young (3072K), 2 survivors (2048K)
 Metaspace       used 7752K, committed 7936K, reserved 1114112K
  class space    used 863K, committed 960K, reserved 1048576K
}
Event: 5.505 GC heap after
{Heap after GC invocations=28 (full 0):
 garbage-first heap   total 59392K, used 18182K [0x0000000083400000, 0x0000000100000000)
  region size 1024K, 2 young (2048K), 2 survivors (2048K)
 Metaspace       used 7752K, committed 7936K, reserved 1114112K
  class space    used 863K, committed 960K, reserved 1048576K
}
Event: 5.652 GC heap before
{Heap before GC invocations=28 (full 0):
 garbage-first heap   total 59392K, used 47878K [0x0000000083400000, 0x0000000100000000)
  region size 1024K, 23 young (23552K), 2 survivors (2048K)
 Metaspace       used 7788K, committed 7936K, reserved 1114112K
  class space    used 863K, committed 960K, reserved 1048576K
}
Event: 5.664 GC heap after
{Heap after GC invocations=29 (full 0):
 garbage-first heap   total 59392K, used 23162K [0x0000000083400000, 0x0000000100000000)
  region size 1024K, 3 young (3072K), 3 survivors (3072K)
 Metaspace       used 7788K, committed 7936K, reserved 1114112K
  class space    used 863K, committed 960K, reserved 1048576K
}
Event: 6.016 GC heap before
{Heap before GC invocations=29 (full 0):
 garbage-first heap   total 59392K, used 42618K [0x0000000083400000, 0x0000000100000000)
  region size 1024K, 22 young (22528K), 3 survivors (3072K)
 Metaspace       used 7894K, committed 8064K, reserved 1114112K
  class space    used 863K, committed 960K, reserved 1048576K
}
Event: 6.029 GC heap after
{Heap after GC invocations=30 (full 0):
 garbage-first heap   total 118784K, used 27400K [0x0000000083400000, 0x0000000100000000)
  region size 1024K, 3 young (3072K), 3 survivors (3072K)
 Metaspace       used 7894K, committed 8064K, reserved 1114112K
  class space    used 863K, committed 960K, reserved 1048576K
}
Event: 7.187 GC heap before
{Heap before GC invocations=30 (full 0):
 garbage-first heap   total 118784K, used 79624K [0x0000000083400000, 0x0000000100000000)
  region size 1024K, 51 young (52224K), 3 survivors (3072K)
 Metaspace       used 9216K, committed 9408K, reserved 1114112K
  class space    used 985K, committed 1088K, reserved 1048576K
}
Event: 7.228 GC heap after
{Heap after GC invocations=31 (full 0):
 garbage-first heap   total 118784K, used 47104K [0x0000000083400000, 0x0000000100000000)
  region size 1024K, 7 young (7168K), 7 survivors (7168K)
 Metaspace       used 9216K, committed 9408K, reserved 1114112K
  class space    used 985K, committed 1088K, reserved 1048576K
}
Event: 7.416 GC heap before
{Heap before GC invocations=31 (full 0):
 garbage-first heap   total 118784K, used 80896K [0x0000000083400000, 0x0000000100000000)
  region size 1024K, 38 young (38912K), 7 survivors (7168K)
 Metaspace       used 9370K, committed 9536K, reserved 1114112K
  class space    used 988K, committed 1088K, reserved 1048576K
}
Event: 7.475 GC heap after
{Heap after GC invocations=32 (full 0):
 garbage-first heap   total 118784K, used 69120K [0x0000000083400000, 0x0000000100000000)
  region size 1024K, 5 young (5120K), 5 survivors (5120K)
 Metaspace       used 9370K, committed 9536K, reserved 1114112K
  class space    used 988K, committed 1088K, reserved 1048576K
}
Event: 7.730 GC heap before
{Heap before GC invocations=32 (full 0):
 garbage-first heap   total 118784K, used 86528K [0x0000000083400000, 0x0000000100000000)
  region size 1024K, 22 young (22528K), 5 survivors (5120K)
 Metaspace       used 9462K, committed 9664K, reserved 1114112K
  class space    used 988K, committed 1088K, reserved 1048576K
}
Event: 7.765 GC heap after
{Heap after GC invocations=33 (full 0):
 garbage-first heap   total 118784K, used 73728K [0x0000000083400000, 0x0000000100000000)
  region size 1024K, 3 young (3072K), 3 survivors (3072K)
 Metaspace       used 9462K, committed 9664K, reserved 1114112K
  class space    used 988K, committed 1088K, reserved 1048576K
}
Event: 8.009 GC heap before
{Heap before GC invocations=34 (full 0):
 garbage-first heap   total 135168K, used 90112K [0x0000000083400000, 0x0000000100000000)
  region size 1024K, 19 young (19456K), 3 survivors (3072K)
 Metaspace       used 9564K, committed 9728K, reserved 1114112K
  class space    used 992K, committed 1088K, reserved 1048576K
}
Event: 8.027 GC heap after
{Heap after GC invocations=35 (full 0):
 garbage-first heap   total 135168K, used 77312K [0x0000000083400000, 0x0000000100000000)
  region size 1024K, 3 young (3072K), 3 survivors (3072K)
 Metaspace       used 9564K, committed 9728K, reserved 1114112K
  class space    used 992K, committed 1088K, reserved 1048576K
}
Event: 8.045 GC heap before
{Heap before GC invocations=35 (full 0):
 garbage-first heap   total 135168K, used 78336K [0x0000000083400000, 0x0000000100000000)
  region size 1024K, 5 young (5120K), 3 survivors (3072K)
 Metaspace       used 9567K, committed 9728K, reserved 1114112K
  class space    used 992K, committed 1088K, reserved 1048576K
}
Event: 8.056 GC heap after
{Heap after GC invocations=36 (full 0):
 garbage-first heap   total 270336K, used 78487K [0x0000000083400000, 0x0000000100000000)
  region size 1024K, 1 young (1024K), 1 survivors (1024K)
 Metaspace       used 9567K, committed 9728K, reserved 1114112K
  class space    used 992K, committed 1088K, reserved 1048576K
}
Event: 10.598 GC heap before
{Heap before GC invocations=36 (full 0):
 garbage-first heap   total 270336K, used 174743K [0x0000000083400000, 0x0000000100000000)
  region size 1024K, 92 young (94208K), 1 survivors (1024K)
 Metaspace       used 11622K, committed 11776K, reserved 1114112K
  class space    used 1119K, committed 1216K, reserved 1048576K
}
Event: 10.612 GC heap after
{Heap after GC invocations=37 (full 0):
 garbage-first heap   total 270336K, used 85670K [0x0000000083400000, 0x0000000100000000)
  region size 1024K, 7 young (7168K), 7 survivors (7168K)
 Metaspace       used 11622K, committed 11776K, reserved 1114112K
  class space    used 1119K, committed 1216K, reserved 1048576K
}
Event: 11.774 GC heap before
{Heap before GC invocations=37 (full 0):
 garbage-first heap   total 270336K, used 186022K [0x0000000083400000, 0x0000000100000000)
  region size 1024K, 105 young (107520K), 7 survivors (7168K)
 Metaspace       used 11791K, committed 11968K, reserved 1114112K
  class space    used 1119K, committed 1216K, reserved 1048576K
}
Event: 11.795 GC heap after
{Heap after GC invocations=38 (full 0):
 garbage-first heap   total 270336K, used 91165K [0x0000000083400000, 0x0000000100000000)
  region size 1024K, 13 young (13312K), 13 survivors (13312K)
 Metaspace       used 11791K, committed 11968K, reserved 1114112K
  class space    used 1119K, committed 1216K, reserved 1048576K
}

